<?xml version="1.0" encoding="UTF-8"?>
<!-- Generated by org.testng.reporters.JUnitXMLReporter -->
<testsuite hostname="DESKTOP-7J4B4U1" ignored="1" name="Default test" tests="1" failures="0" timestamp="25 Sep 2018 03:41:08 GMT" time="0.047" errors="0">
  <testcase name="@BeforeSuite env_Config" time="0.031" classname="framework_sudha.Configuration_vsr">
    <failure type="java.lang.NullPointerException">
      <![CDATA[java.lang.NullPointerException
at framework_sudha.Configuration_vsr.env_Config(Configuration_vsr.java:25)
at sun.reflect.NativeMethodAccessorImpl.invoke0(Native Method)
at sun.reflect.NativeMethodAccessorImpl.invoke(Unknown Source)
at sun.reflect.DelegatingMethodAccessorImpl.invoke(Unknown Source)
at java.lang.reflect.Method.invoke(Unknown Source)
at org.testng.internal.MethodInvocationHelper.invokeMethod(MethodInvocationHelper.java:124)
at org.testng.internal.MethodInvocationHelper.invokeMethodConsideringTimeout(MethodInvocationHelper.java:59)
at org.testng.internal.Invoker.invokeConfigurationMethod(Invoker.java:458)
at org.testng.internal.Invoker.invokeConfigurations(Invoker.java:222)
at org.testng.internal.Invoker.invokeConfigurations(Invoker.java:142)
at org.testng.SuiteRunner.privateRun(SuiteRunner.java:401)
at org.testng.SuiteRunner.run(SuiteRunner.java:364)
at org.testng.SuiteRunnerWorker.runSuite(SuiteRunnerWorker.java:52)
at org.testng.SuiteRunnerWorker.run(SuiteRunnerWorker.java:84)
at org.testng.TestNG.runSuitesSequentially(TestNG.java:1208)
at org.testng.TestNG.runSuitesLocally(TestNG.java:1137)
at org.testng.TestNG.runSuites(TestNG.java:1049)
at org.testng.TestNG.run(TestNG.java:1017)
at org.testng.remote.AbstractRemoteTestNG.run(AbstractRemoteTestNG.java:114)
at org.testng.remote.RemoteTestNG.initAndRun(RemoteTestNG.java:251)
at org.testng.remote.RemoteTestNG.main(RemoteTestNG.java:77)
]]>
    </failure>
  </testcase> <!-- @BeforeSuite env_Config -->
  <testcase name="@BeforeTest launchBrowserAndApplication" time="0.0" classname="framework_sudha.CommonMethods_vsr">
    <skipped/>
  </testcase> <!-- @BeforeTest launchBrowserAndApplication -->
  <testcase name="@BeforeMethod logIn" time="0.0" classname="framework_sudha.CommonMethods_vsr">
    <skipped/>
  </testcase> <!-- @BeforeMethod logIn -->
  <testcase name="@AfterMethod logout" time="0.0" classname="framework_sudha.CommonMethods_vsr">
    <skipped/>
  </testcase> <!-- @AfterMethod logout -->
  <testcase name="messages" time="0.0" classname="Tests.TCcases">
    <skipped/>
  </testcase> <!-- messages -->
  <testcase name="Resouces" time="0.0" classname="Tests.TCcases">
    <ignored/>
  </testcase> <!-- Resouces -->
</testsuite> <!-- Default test -->
